<?xml version="1.0" encoding="UTF-8"?>
<!-- Generated by org.testng.reporters.JUnitReportReporter -->
<testsuite hostname="DESKTOP-S0EOUVT" failures="0" tests="1" name="tests.Tests_3_news" time="36.283" errors="0" timestamp="2020-12-18T12:15:32 MSK" skipped="0">
  <testcase classname="tests.Tests_3_news" name="happyPassNews" time="36.283"/>
  <system-out/>
</testsuite> <!-- tests.Tests_3_news -->
