<?xml version="1.0" encoding="UTF-8"?>
<!-- Generated by org.testng.reporters.JUnitReportReporter -->
<testsuite hostname="DESKTOP-S0EOUVT" failures="0" tests="1" name="tests.Tests" time="0.130" errors="0" timestamp="2020-12-18T12:15:32 MSK" skipped="0">
  <testcase classname="tests.Tests" name="TTT" time="0.130"/>
  <system-out/>
</testsuite> <!-- tests.Tests -->
